# JRE version: Java(TM) SE Runtime Environment (7.0_71-b14) (build 1.7.0_71-b14)
# Java VM: Java HotSpot(TM) 64-Bit Server VM (24.71-b01 mixed mode linux-amd64 compressed oops)
Heap
 PSYoungGen      total 135168K, used 128385K [0x00000000d7e80000, 0x00000000e8e80000, 0x0000000100000000)
  eden space 120832K, 94% used [0x00000000d7e80000,0x00000000dede3390,0x00000000df480000)
  from space 14336K, 99% used [0x00000000df480000,0x00000000e027d108,0x00000000e0280000)
  to   space 18432K, 0% used [0x00000000e7c80000,0x00000000e7c80000,0x00000000e8e80000)
 ParOldGen       total 81920K, used 14561K [0x0000000087c00000, 0x000000008cc00000, 0x00000000d7e80000)
  object space 81920K, 17% used [0x0000000087c00000,0x0000000088a38648,0x000000008cc00000)
 PSPermGen       total 38912K, used 38586K [0x0000000082a00000, 0x0000000085000000, 0x0000000087c00000)
  object space 38912K, 99% used [0x0000000082a00000,0x0000000084faea30,0x0000000085000000)
GC Heap History (10 events):
Event: 2.367 GC heap before
{Heap before GC invocations=3 (full 0):
 PSYoungGen      total 36352K, used 36281K [0x00000000d7e80000, 0x00000000dc580000, 0x0000000100000000)
  eden space 31232K, 100% used [0x00000000d7e80000,0x00000000d9d00000,0x00000000d9d00000)
  from space 5120K, 98% used [0x00000000da200000,0x00000000da6ee490,0x00000000da700000)
  to   space 5120K, 0% used [0x00000000d9d00000,0x00000000d9d00000,0x00000000da200000)
 ParOldGen       total 81920K, used 16K [0x0000000087c00000, 0x000000008cc00000, 0x00000000d7e80000)
  object space 81920K, 0% used [0x0000000087c00000,0x0000000087c04000,0x000000008cc00000)
 PSPermGen       total 21504K, used 16643K [0x0000000082a00000, 0x0000000083f00000, 0x0000000087c00000)
  object space 21504K, 77% used [0x0000000082a00000,0x0000000083a40cc0,0x0000000083f00000)
Event: 2.374 GC heap after
Heap after GC invocations=3 (full 0):
 PSYoungGen      total 36352K, used 5109K [0x00000000d7e80000, 0x00000000dc580000, 0x0000000100000000)
  eden space 31232K, 0% used [0x00000000d7e80000,0x00000000d7e80000,0x00000000d9d00000)
  from space 5120K, 99% used [0x00000000d9d00000,0x00000000da1fd708,0x00000000da200000)
  to   space 5120K, 0% used [0x00000000dc080000,0x00000000dc080000,0x00000000dc580000)
 ParOldGen       total 81920K, used 566K [0x0000000087c00000, 0x000000008cc00000, 0x00000000d7e80000)
  object space 81920K, 0% used [0x0000000087c00000,0x0000000087c8db10,0x000000008cc00000)
 PSPermGen       total 21504K, used 16643K [0x0000000082a00000, 0x0000000083f00000, 0x0000000087c00000)
  object space 21504K, 77% used [0x0000000082a00000,0x0000000083a40cc0,0x0000000083f00000)
}
Event: 2.740 GC heap before
{Heap before GC invocations=4 (full 0):
 PSYoungGen      total 36352K, used 36341K [0x00000000d7e80000, 0x00000000dc580000, 0x0000000100000000)
  eden space 31232K, 100% used [0x00000000d7e80000,0x00000000d9d00000,0x00000000d9d00000)
  from space 5120K, 99% used [0x00000000d9d00000,0x00000000da1fd708,0x00000000da200000)
  to   space 5120K, 0% used [0x00000000dc080000,0x00000000dc080000,0x00000000dc580000)
 ParOldGen       total 81920K, used 566K [0x0000000087c00000, 0x000000008cc00000, 0x00000000d7e80000)
  object space 81920K, 0% used [0x0000000087c00000,0x0000000087c8db10,0x000000008cc00000)
 PSPermGen       total 21504K, used 18532K [0x0000000082a00000, 0x0000000083f00000, 0x0000000087c00000)
  object space 21504K, 86% used [0x0000000082a00000,0x0000000083c19070,0x0000000083f00000)
Event: 2.750 GC heap after
Heap after GC invocations=4 (full 0):
 PSYoungGen      total 67584K, used 5119K [0x00000000d7e80000, 0x00000000dc580000, 0x0000000100000000)
  eden space 62464K, 0% used [0x00000000d7e80000,0x00000000d7e80000,0x00000000dbb80000)
  from space 5120K, 99% used [0x00000000dc080000,0x00000000dc57fc10,0x00000000dc580000)
  to   space 5120K, 0% used [0x00000000dbb80000,0x00000000dbb80000,0x00000000dc080000)
 ParOldGen       total 81920K, used 964K [0x0000000087c00000, 0x000000008cc00000, 0x00000000d7e80000)
  object space 81920K, 1% used [0x0000000087c00000,0x0000000087cf1310,0x000000008cc00000)
 PSPermGen       total 21504K, used 18532K [0x0000000082a00000, 0x0000000083f00000, 0x0000000087c00000)
  object space 21504K, 86% used [0x0000000082a00000,0x0000000083c19070,0x0000000083f00000)
}
Event: 3.324 GC heap before
{Heap before GC invocations=5 (full 0):
 PSYoungGen      total 67584K, used 67583K [0x00000000d7e80000, 0x00000000dc580000, 0x0000000100000000)
  eden space 62464K, 100% used [0x00000000d7e80000,0x00000000dbb80000,0x00000000dbb80000)
  from space 5120K, 99% used [0x00000000dc080000,0x00000000dc57fc10,0x00000000dc580000)
  to   space 5120K, 0% used [0x00000000dbb80000,0x00000000dbb80000,0x00000000dc080000)
 ParOldGen       total 81920K, used 964K [0x0000000087c00000, 0x000000008cc00000, 0x00000000d7e80000)
  object space 81920K, 1% used [0x0000000087c00000,0x0000000087cf1310,0x000000008cc00000)
 PSPermGen       total 21504K, used 21226K [0x0000000082a00000, 0x0000000083f00000, 0x0000000087c00000)
  object space 21504K, 98% used [0x0000000082a00000,0x0000000083ebab30,0x0000000083f00000)
Event: 3.343 GC heap after
Heap after GC invocations=5 (full 0):
 PSYoungGen      total 67584K, used 5108K [0x00000000d7e80000, 0x00000000e0c80000, 0x0000000100000000)
  eden space 62464K, 0% used [0x00000000d7e80000,0x00000000d7e80000,0x00000000dbb80000)
  from space 5120K, 99% used [0x00000000dbb80000,0x00000000dc07d3a8,0x00000000dc080000)
  to   space 10240K, 0% used [0x00000000e0280000,0x00000000e0280000,0x00000000e0c80000)
 ParOldGen       total 81920K, used 6660K [0x0000000087c00000, 0x000000008cc00000, 0x00000000d7e80000)
  object space 81920K, 8% used [0x0000000087c00000,0x00000000882812c0,0x000000008cc00000)
 PSPermGen       total 21504K, used 21226K [0x0000000082a00000, 0x0000000083f00000, 0x0000000087c00000)
  object space 21504K, 98% used [0x0000000082a00000,0x0000000083ebab30,0x0000000083f00000)
}
Event: 3.936 GC heap before
{Heap before GC invocations=6 (full 0):
 PSYoungGen      total 67584K, used 67572K [0x00000000d7e80000, 0x00000000e0c80000, 0x0000000100000000)
  eden space 62464K, 100% used [0x00000000d7e80000,0x00000000dbb80000,0x00000000dbb80000)
  from space 5120K, 99% used [0x00000000dbb80000,0x00000000dc07d3a8,0x00000000dc080000)
  to   space 10240K, 0% used [0x00000000e0280000,0x00000000e0280000,0x00000000e0c80000)
 ParOldGen       total 81920K, used 6660K [0x0000000087c00000, 0x000000008cc00000, 0x00000000d7e80000)
  object space 81920K, 8% used [0x0000000087c00000,0x00000000882812c0,0x000000008cc00000)
 PSPermGen       total 24064K, used 23734K [0x0000000082a00000, 0x0000000084180000, 0x0000000087c00000)
  object space 24064K, 98% used [0x0000000082a00000,0x000000008412d8d0,0x0000000084180000)
Event: 3.954 GC heap after
Heap after GC invocations=6 (full 0):
 PSYoungGen      total 131072K, used 10218K [0x00000000d7e80000, 0x00000000e1480000, 0x0000000100000000)
  eden space 120832K, 0% used [0x00000000d7e80000,0x00000000d7e80000,0x00000000df480000)
  from space 10240K, 99% used [0x00000000e0280000,0x00000000e0c7a890,0x00000000e0c80000)
  to   space 14336K, 0% used [0x00000000df480000,0x00000000df480000,0x00000000e0280000)
 ParOldGen       total 81920K, used 11296K [0x0000000087c00000, 0x000000008cc00000, 0x00000000d7e80000)
  object space 81920K, 13% used [0x0000000087c00000,0x0000000088708068,0x000000008cc00000)
 PSPermGen       total 24064K, used 23734K [0x0000000082a00000, 0x0000000084180000, 0x0000000087c00000)
  object space 24064K, 98% used [0x0000000082a00000,0x000000008412d8d0,0x0000000084180000)
}
Event: 5.280 GC heap before
{Heap before GC invocations=7 (full 0):
 PSYoungGen      total 131072K, used 131050K [0x00000000d7e80000, 0x00000000e1480000, 0x0000000100000000)
  eden space 120832K, 100% used [0x00000000d7e80000,0x00000000df480000,0x00000000df480000)
  from space 10240K, 99% used [0x00000000e0280000,0x00000000e0c7a890,0x00000000e0c80000)
  to   space 14336K, 0% used [0x00000000df480000,0x00000000df480000,0x00000000e0280000)
 ParOldGen       total 81920K, used 11296K [0x0000000087c00000, 0x000000008cc00000, 0x00000000d7e80000)
  object space 81920K, 13% used [0x0000000087c00000,0x0000000088708068,0x000000008cc00000)
 PSPermGen       total 33280K, used 32972K [0x0000000082a00000, 0x0000000084a80000, 0x0000000087c00000)
  object space 33280K, 99% used [0x0000000082a00000,0x0000000084a33350,0x0000000084a80000)
Event: 5.300 GC heap after
Heap after GC invocations=7 (full 0):
 PSYoungGen      total 135168K, used 14324K [0x00000000d7e80000, 0x00000000e8e80000, 0x0000000100000000)
  eden space 120832K, 0% used [0x00000000d7e80000,0x00000000d7e80000,0x00000000df480000)
  from space 14336K, 99% used [0x00000000df480000,0x00000000e027d108,0x00000000e0280000)
  to   space 18432K, 0% used [0x00000000e7c80000,0x00000000e7c80000,0x00000000e8e80000)
 ParOldGen       total 81920K, used 14561K [0x0000000087c00000, 0x000000008cc00000, 0x00000000d7e80000)
  object space 81920K, 17% used [0x0000000087c00000,0x0000000088a38648,0x000000008cc00000)
 PSPermGen       total 33280K, used 32972K [0x0000000082a00000, 0x0000000084a80000, 0x0000000087c00000)
  object space 33280K, 99% used [0x0000000082a00000,0x0000000084a33350,0x0000000084a80000)
}

