# JRE version: Java(TM) SE Runtime Environment (7.0_71-b14) (build 1.7.0_71-b14)
# Java VM: Java HotSpot(TM) 64-Bit Server VM (24.71-b01 mixed mode linux-amd64 compressed oops)
Heap
 PSYoungGen      total 268800K, used 88886K [0x00000000d7e80000, 0x00000000e9980000, 0x0000000100000000)
  eden space 249856K, 31% used [0x00000000d7e80000,0x00000000dca9f320,0x00000000e7280000)
  from space 18944K, 57% used [0x00000000e8700000,0x00000000e91ae638,0x00000000e9980000)
  to   space 19968K, 0% used [0x00000000e7280000,0x00000000e7280000,0x00000000e8600000)
 ParOldGen       total 81920K, used 25517K [0x0000000087c00000, 0x000000008cc00000, 0x00000000d7e80000)
  object space 81920K, 31% used [0x0000000087c00000,0x00000000894eb4c0,0x000000008cc00000)
 PSPermGen       total 38912K, used 38755K [0x0000000082a00000, 0x0000000085000000, 0x0000000087c00000)
  object space 38912K, 99% used [0x0000000082a00000,0x0000000084fd8c00,0x0000000085000000)
GC Heap History (10 events):
Event: 1.232 GC heap before
{Heap before GC invocations=2 (full 0):
 PSYoungGen      total 36352K, used 35290K [0x00000000d7e80000, 0x00000000dc580000, 0x0000000100000000)
  eden space 31232K, 100% used [0x00000000d7e80000,0x00000000d9d00000,0x00000000d9d00000)
  from space 5120K, 79% used [0x00000000d9d00000,0x00000000da0f6b90,0x00000000da200000)
  to   space 5120K, 0% used [0x00000000dc080000,0x00000000dc080000,0x00000000dc580000)
 ParOldGen       total 81920K, used 8K [0x0000000087c00000, 0x000000008cc00000, 0x00000000d7e80000)
  object space 81920K, 0% used [0x0000000087c00000,0x0000000087c02000,0x000000008cc00000)
 PSPermGen       total 21504K, used 13801K [0x0000000082a00000, 0x0000000083f00000, 0x0000000087c00000)
  object space 21504K, 64% used [0x0000000082a00000,0x000000008377a540,0x0000000083f00000)
Event: 1.242 GC heap after
Heap after GC invocations=2 (full 0):
 PSYoungGen      total 67584K, used 5110K [0x00000000d7e80000, 0x00000000dc580000, 0x0000000100000000)
  eden space 62464K, 0% used [0x00000000d7e80000,0x00000000d7e80000,0x00000000dbb80000)
  from space 5120K, 99% used [0x00000000dc080000,0x00000000dc57d810,0x00000000dc580000)
  to   space 5120K, 0% used [0x00000000dbb80000,0x00000000dbb80000,0x00000000dc080000)
 ParOldGen       total 81920K, used 303K [0x0000000087c00000, 0x000000008cc00000, 0x00000000d7e80000)
  object space 81920K, 0% used [0x0000000087c00000,0x0000000087c4bf08,0x000000008cc00000)
 PSPermGen       total 21504K, used 13801K [0x0000000082a00000, 0x0000000083f00000, 0x0000000087c00000)
  object space 21504K, 64% used [0x0000000082a00000,0x000000008377a540,0x0000000083f00000)
}
Event: 1.916 GC heap before
{Heap before GC invocations=3 (full 0):
 PSYoungGen      total 67584K, used 67574K [0x00000000d7e80000, 0x00000000dc580000, 0x0000000100000000)
  eden space 62464K, 100% used [0x00000000d7e80000,0x00000000dbb80000,0x00000000dbb80000)
  from space 5120K, 99% used [0x00000000dc080000,0x00000000dc57d810,0x00000000dc580000)
  to   space 5120K, 0% used [0x00000000dbb80000,0x00000000dbb80000,0x00000000dc080000)
 ParOldGen       total 81920K, used 303K [0x0000000087c00000, 0x000000008cc00000, 0x00000000d7e80000)
  object space 81920K, 0% used [0x0000000087c00000,0x0000000087c4bf08,0x000000008cc00000)
 PSPermGen       total 21504K, used 19096K [0x0000000082a00000, 0x0000000083f00000, 0x0000000087c00000)
  object space 21504K, 88% used [0x0000000082a00000,0x0000000083ca62f0,0x0000000083f00000)
Event: 1.927 GC heap after
Heap after GC invocations=3 (full 0):
 PSYoungGen      total 67584K, used 5118K [0x00000000d7e80000, 0x00000000e0280000, 0x0000000100000000)
  eden space 62464K, 0% used [0x00000000d7e80000,0x00000000d7e80000,0x00000000dbb80000)
  from space 5120K, 99% used [0x00000000dbb80000,0x00000000dc07faf0,0x00000000dc080000)
  to   space 5120K, 0% used [0x00000000dfd80000,0x00000000dfd80000,0x00000000e0280000)
 ParOldGen       total 81920K, used 2806K [0x0000000087c00000, 0x000000008cc00000, 0x00000000d7e80000)
  object space 81920K, 3% used [0x0000000087c00000,0x0000000087ebd808,0x000000008cc00000)
 PSPermGen       total 21504K, used 19096K [0x0000000082a00000, 0x0000000083f00000, 0x0000000087c00000)
  object space 21504K, 88% used [0x0000000082a00000,0x0000000083ca62f0,0x0000000083f00000)
}
Event: 2.416 GC heap before
{Heap before GC invocations=4 (full 0):
 PSYoungGen      total 67584K, used 67582K [0x00000000d7e80000, 0x00000000e0280000, 0x0000000100000000)
  eden space 62464K, 100% used [0x00000000d7e80000,0x00000000dbb80000,0x00000000dbb80000)
  from space 5120K, 99% used [0x00000000dbb80000,0x00000000dc07faf0,0x00000000dc080000)
  to   space 5120K, 0% used [0x00000000dfd80000,0x00000000dfd80000,0x00000000e0280000)
 ParOldGen       total 81920K, used 2806K [0x0000000087c00000, 0x000000008cc00000, 0x00000000d7e80000)
  object space 81920K, 3% used [0x0000000087c00000,0x0000000087ebd808,0x000000008cc00000)
 PSPermGen       total 21504K, used 21491K [0x0000000082a00000, 0x0000000083f00000, 0x0000000087c00000)
  object space 21504K, 99% used [0x0000000082a00000,0x0000000083efcf78,0x0000000083f00000)
Event: 2.431 GC heap after
Heap after GC invocations=4 (full 0):
 PSYoungGen      total 130048K, used 5099K [0x00000000d7e80000, 0x00000000e0280000, 0x0000000100000000)
  eden space 124928K, 0% used [0x00000000d7e80000,0x00000000d7e80000,0x00000000df880000)
  from space 5120K, 99% used [0x00000000dfd80000,0x00000000e027af40,0x00000000e0280000)
  to   space 5120K, 0% used [0x00000000df880000,0x00000000df880000,0x00000000dfd80000)
 ParOldGen       total 81920K, used 9786K [0x0000000087c00000, 0x000000008cc00000, 0x00000000d7e80000)
  object space 81920K, 11% used [0x0000000087c00000,0x000000008858e960,0x000000008cc00000)
 PSPermGen       total 21504K, used 21491K [0x0000000082a00000, 0x0000000083f00000, 0x0000000087c00000)
  object space 21504K, 99% used [0x0000000082a00000,0x0000000083efcf78,0x0000000083f00000)
}
Event: 3.489 GC heap before
{Heap before GC invocations=5 (full 0):
 PSYoungGen      total 130048K, used 130027K [0x00000000d7e80000, 0x00000000e0280000, 0x0000000100000000)
  eden space 124928K, 100% used [0x00000000d7e80000,0x00000000df880000,0x00000000df880000)
  from space 5120K, 99% used [0x00000000dfd80000,0x00000000e027af40,0x00000000e0280000)
  to   space 5120K, 0% used [0x00000000df880000,0x00000000df880000,0x00000000dfd80000)
 ParOldGen       total 81920K, used 9786K [0x0000000087c00000, 0x000000008cc00000, 0x00000000d7e80000)
  object space 81920K, 11% used [0x0000000087c00000,0x000000008858ea60,0x000000008cc00000)
 PSPermGen       total 27648K, used 27191K [0x0000000082a00000, 0x0000000084500000, 0x0000000087c00000)
  object space 27648K, 98% used [0x0000000082a00000,0x000000008448de80,0x0000000084500000)
Event: 3.512 GC heap after
Heap after GC invocations=5 (full 0):
 PSYoungGen      total 130048K, used 5112K [0x00000000d7e80000, 0x00000000e9b80000, 0x0000000100000000)
  eden space 124928K, 0% used [0x00000000d7e80000,0x00000000d7e80000,0x00000000df880000)
  from space 5120K, 99% used [0x00000000df880000,0x00000000dfd7e2e8,0x00000000dfd80000)
  to   space 20992K, 0% used [0x00000000e8700000,0x00000000e8700000,0x00000000e9b80000)
 ParOldGen       total 81920K, used 25500K [0x0000000087c00000, 0x000000008cc00000, 0x00000000d7e80000)
  object space 81920K, 31% used [0x0000000087c00000,0x00000000894e7150,0x000000008cc00000)
 PSPermGen       total 27648K, used 27191K [0x0000000082a00000, 0x0000000084500000, 0x0000000087c00000)
  object space 27648K, 98% used [0x0000000082a00000,0x000000008448de80,0x0000000084500000)
}
Event: 4.662 GC heap before
{Heap before GC invocations=6 (full 0):
 PSYoungGen      total 130048K, used 130040K [0x00000000d7e80000, 0x00000000e9b80000, 0x0000000100000000)
  eden space 124928K, 100% used [0x00000000d7e80000,0x00000000df880000,0x00000000df880000)
  from space 5120K, 99% used [0x00000000df880000,0x00000000dfd7e2e8,0x00000000dfd80000)
  to   space 20992K, 0% used [0x00000000e8700000,0x00000000e8700000,0x00000000e9b80000)
 ParOldGen       total 81920K, used 25509K [0x0000000087c00000, 0x000000008cc00000, 0x00000000d7e80000)
  object space 81920K, 31% used [0x0000000087c00000,0x00000000894e94c0,0x000000008cc00000)
 PSPermGen       total 35328K, used 35233K [0x0000000082a00000, 0x0000000084c80000, 0x0000000087c00000)
  object space 35328K, 99% used [0x0000000082a00000,0x0000000084c684d8,0x0000000084c80000)
Event: 4.686 GC heap after
Heap after GC invocations=6 (full 0):
 PSYoungGen      total 268800K, used 10937K [0x00000000d7e80000, 0x00000000e9980000, 0x0000000100000000)
  eden space 249856K, 0% used [0x00000000d7e80000,0x00000000d7e80000,0x00000000e7280000)
  from space 18944K, 57% used [0x00000000e8700000,0x00000000e91ae638,0x00000000e9980000)
  to   space 19968K, 0% used [0x00000000e7280000,0x00000000e7280000,0x00000000e8600000)
 ParOldGen       total 81920K, used 25517K [0x0000000087c00000, 0x000000008cc00000, 0x00000000d7e80000)
  object space 81920K, 31% used [0x0000000087c00000,0x00000000894eb4c0,0x000000008cc00000)
 PSPermGen       total 35328K, used 35233K [0x0000000082a00000, 0x0000000084c80000, 0x0000000087c00000)
  object space 35328K, 99% used [0x0000000082a00000,0x0000000084c684d8,0x0000000084c80000)
}

